<?xml version="1.0" encoding="UTF-8"?>
<!-- Generated by org.testng.reporters.JUnitXMLReporter -->
<testsuite ignored="0" hostname="MACPK-WKS-0312" failures="3" tests="5" name="AccountRegistrationTest" time="82.354" errors="0" timestamp="2025-10-03T12:57:07 PKT">
  <testcase classname="testCases.TC_004AccountLoginTestDDT" name="accountLoginDDT" time="3.752"/>
  <testcase classname="testCases.TC_004AccountLoginTestDDT" name="accountLoginDDT" time="21.2">
    <failure type="java.lang.NullPointerException" message="Cannot invoke &amp;quot;String.equals(Object)&amp;quot; because &amp;quot;confirmationMsg&amp;quot; is null">
      <![CDATA[java.lang.NullPointerException: Cannot invoke "String.equals(Object)" because "confirmationMsg" is null
at testCases.TC_004AccountLoginTestDDT.accountLoginDDT(TC_004AccountLoginTestDDT.java:43)
at java.base/java.util.ArrayList.forEach(ArrayList.java:1596)
at com.intellij.rt.testng.IDEARemoteTestNG.run(IDEARemoteTestNG.java:65)
at com.intellij.rt.testng.RemoteTestNGStarter.main(RemoteTestNGStarter.java:105)
... Removed 22 stack frames]]>
    </failure>
  </testcase> <!-- accountLoginDDT -->
  <testcase classname="testCases.TC_004AccountLoginTestDDT" name="accountLoginDDT" time="21.95">
    <failure type="java.lang.NullPointerException" message="Cannot invoke &amp;quot;String.equals(Object)&amp;quot; because &amp;quot;confirmationMsg&amp;quot; is null">
      <![CDATA[java.lang.NullPointerException: Cannot invoke "String.equals(Object)" because "confirmationMsg" is null
at testCases.TC_004AccountLoginTestDDT.accountLoginDDT(TC_004AccountLoginTestDDT.java:43)
at java.base/java.util.ArrayList.forEach(ArrayList.java:1596)
at com.intellij.rt.testng.IDEARemoteTestNG.run(IDEARemoteTestNG.java:65)
at com.intellij.rt.testng.RemoteTestNGStarter.main(RemoteTestNGStarter.java:105)
... Removed 22 stack frames]]>
    </failure>
  </testcase> <!-- accountLoginDDT -->
  <testcase classname="testCases.TC_004AccountLoginTestDDT" name="accountLoginDDT" time="21.092">
    <failure type="java.lang.NullPointerException" message="Cannot invoke &amp;quot;String.equals(Object)&amp;quot; because &amp;quot;confirmationMsg&amp;quot; is null">
      <![CDATA[java.lang.NullPointerException: Cannot invoke "String.equals(Object)" because "confirmationMsg" is null
at testCases.TC_004AccountLoginTestDDT.accountLoginDDT(TC_004AccountLoginTestDDT.java:43)
at java.base/java.util.ArrayList.forEach(ArrayList.java:1596)
at com.intellij.rt.testng.IDEARemoteTestNG.run(IDEARemoteTestNG.java:65)
at com.intellij.rt.testng.RemoteTestNGStarter.main(RemoteTestNGStarter.java:105)
... Removed 22 stack frames]]>
    </failure>
  </testcase> <!-- accountLoginDDT -->
  <testcase classname="testCases.TC_004AccountLoginTestDDT" name="accountLoginDDT" time="5.123"/>
</testsuite> <!-- AccountRegistrationTest -->
